Using pre-set license
Built from '2020.3/china_unity/release' branch; Version is '2020.3.1f1c1 (3e9f4b065a9d) revision 4104011'; Using compiler version '192528614'; Build Type 'Release'
OS: 'Windows 10 Home China; OS build 18363.1441; Version 1909; 64bit' Language: 'zh' Physical Memory: 16159 MB
BatchMode: 1, IsHumanControllingUs: 0, StartBugReporterOnCrash: 0, Is64bit: 1, IsPro: 0

 COMMAND LINE ARGUMENTS:
C:\Program Files\Unity\Hub\Editor\2020.3.1f1c1\Editor\Unity.exe
-adb2
-batchMode
-noUpm
-name
AssetImportWorker0
-projectPath
E:/EL2021/CarbonAge-Counter
-logFile
Logs/AssetImportWorker0.log
-srvPort
2703
Successfully changed project path to: E:/EL2021/CarbonAge-Counter
E:/EL2021/CarbonAge-Counter
Using Asset Import Pipeline V2.
Refreshing native plugins compatible for Editor in 42.63 ms, found 1 plugins.
Preloading 0 native plugins for Editor in 0.00 ms.
Initialize engine version: 2020.3.1f1c1 (3e9f4b065a9d)
[Subsystems] Discovering subsystems at path C:/Program Files/Unity/Hub/Editor/2020.3.1f1c1/Editor/Data/Resources/UnitySubsystems
[Subsystems] Discovering subsystems at path E:/EL2021/CarbonAge-Counter/Assets
GfxDevice: creating device client; threaded=0
Direct3D:
    Version:  Direct3D 11.0 [level 11.1]
    Renderer: NVIDIA GeForce MX350 (ID=0x1c94)
    Vendor:   
    VRAM:     1979 MB
    Driver:   27.21.14.6109
Initialize mono
Mono path[0] = 'C:/Program Files/Unity/Hub/Editor/2020.3.1f1c1/Editor/Data/Managed'
Mono path[1] = 'C:/Program Files/Unity/Hub/Editor/2020.3.1f1c1/Editor/Data/MonoBleedingEdge/lib/mono/unityjit'
Mono config path = 'C:/Program Files/Unity/Hub/Editor/2020.3.1f1c1/Editor/Data/MonoBleedingEdge/etc'
Using monoOptions --debugger-agent=transport=dt_socket,embedding=1,server=y,suspend=n,address=127.0.0.1:56732
Begin MonoManager ReloadAssembly
Registering precompiled unity dll's ...
Register platform support module: C:/Program Files/Unity/Hub/Editor/2020.3.1f1c1/Editor/Data/PlaybackEngines/WindowsStandaloneSupport/UnityEditor.WindowsStandalone.Extensions.dll
Registered in 0.001750 seconds.
Native extension for WindowsStandalone target not found
Refreshing native plugins compatible for Editor in 39.28 ms, found 1 plugins.
Preloading 0 native plugins for Editor in 0.00 ms.
Invoked RoslynAnalysisRunner static constructor.
RoslynAnalysisRunner will not be running.
RoslynAnalysisRunner has terminated.
Mono: successfully reloaded assembly
- Completed reload, in  1.033 seconds
Platform modules already initialized, skipping
Registering precompiled user dll's ...
Registered in 0.000631 seconds.
Begin MonoManager ReloadAssembly
Native extension for WindowsStandalone target not found
Refreshing native plugins compatible for Editor in 45.47 ms, found 1 plugins.
Preloading 0 native plugins for Editor in 0.00 ms.
Invoked RoslynAnalysisRunner static constructor.
RoslynAnalysisRunner will not be running.
RoslynAnalysisRunner has terminated.
Mono: successfully reloaded assembly
- Completed reload, in  1.093 seconds
Platform modules already initialized, skipping
========================================================================
Worker process is ready to serve import requests
Launched and connected shader compiler UnityShaderCompiler.exe after 0.06 seconds
Refreshing native plugins compatible for Editor in 0.41 ms, found 1 plugins.
Preloading 0 native plugins for Editor in 0.00 ms.
Unloading 1806 Unused Serialized files (Serialized files now loaded: 0)
System memory in use before: 84.6 MB.
System memory in use after: 84.7 MB.

Unloading 19 unused Assets to reduce memory usage. Loaded Objects now: 2254.
Total: 4.472600 ms (FindLiveObjects: 0.306800 ms CreateObjectMapping: 0.119200 ms MarkObjects: 3.876400 ms  DeleteObjects: 0.167800 ms)

========================================================================
Received Import Request.
  path: Assets
  artifactKey: Guid(00000000000000001000000000000000) Importer(815301076,1909f56bfc062723c751e8b465ee728b)
Start importing Assets using Guid(00000000000000001000000000000000) Importer(815301076,1909f56bfc062723c751e8b465ee728b)  -> (artifact id: '4cfc5f0218ae52137ceec62152cae6a9') in 0.007612 seconds
  Import took 0.012002 seconds .

========================================================================
Received Import Request.
  Time since last request: 7.205301 seconds.
  path: Assets/Img
  artifactKey: Guid(2dc7a2b3df8bdb24c9fe2a28a3784848) Importer(815301076,1909f56bfc062723c751e8b465ee728b)
Start importing Assets/Img using Guid(2dc7a2b3df8bdb24c9fe2a28a3784848) Importer(815301076,1909f56bfc062723c751e8b465ee728b)  -> (artifact id: '32fb7abf5646e8190685a4735db9871c') in 0.003410 seconds
  Import took 0.007570 seconds .

========================================================================
Received Import Request.
  Time since last request: 3.451000 seconds.
  path: Assets/Img/bgPic.png
  artifactKey: Guid(df987ddf919718144874c2cfb51466a8) Importer(815301076,1909f56bfc062723c751e8b465ee728b)
Start importing Assets/Img/bgPic.png using Guid(df987ddf919718144874c2cfb51466a8) Importer(815301076,1909f56bfc062723c751e8b465ee728b)  -> (artifact id: 'fd8c020b9ff802c6e9ff41dd66aded7f') in 0.169417 seconds
  Import took 0.172623 seconds .

========================================================================
Received Import Request.
  Time since last request: 2210.818156 seconds.
  path: Assets/Script
  artifactKey: Guid(af366739e14342540a41bc9929d57978) Importer(815301076,1909f56bfc062723c751e8b465ee728b)
Start importing Assets/Script using Guid(af366739e14342540a41bc9929d57978) Importer(815301076,1909f56bfc062723c751e8b465ee728b)  -> (artifact id: 'b9627d37e9707f45b3dfff7b9be9e603') in 0.003925 seconds
  Import took 0.008526 seconds .

========================================================================
Received Prepare
Registering precompiled user dll's ...
Registered in 0.000959 seconds.
Begin MonoManager ReloadAssembly
Native extension for WindowsStandalone target not found
Refreshing native plugins compatible for Editor in 0.59 ms, found 1 plugins.
Preloading 0 native plugins for Editor in 0.00 ms.
Invoked RoslynAnalysisRunner static constructor.
RoslynAnalysisRunner will not be running.
RoslynAnalysisRunner has terminated.
Mono: successfully reloaded assembly
- Completed reload, in  1.017 seconds
Platform modules already initialized, skipping
Refreshing native plugins compatible for Editor in 0.53 ms, found 1 plugins.
Preloading 0 native plugins for Editor in 0.00 ms.
Unloading 1797 Unused Serialized files (Serialized files now loaded: 0)
System memory in use before: 87.3 MB.
System memory in use after: 87.4 MB.

Unloading 7 unused Assets to reduce memory usage. Loaded Objects now: 2265.
Total: 2.141900 ms (FindLiveObjects: 0.217300 ms CreateObjectMapping: 0.063100 ms MarkObjects: 1.803700 ms  DeleteObjects: 0.056800 ms)

========================================================================
Received Import Request.
  Time since last request: 289.140823 seconds.
  path: Assets/Script/BetterCardRotation.cs
  artifactKey: Guid(ec06a26ecedb46a48a0ab52229d1344f) Importer(815301076,1909f56bfc062723c751e8b465ee728b)
Start importing Assets/Script/BetterCardRotation.cs using Guid(ec06a26ecedb46a48a0ab52229d1344f) Importer(815301076,1909f56bfc062723c751e8b465ee728b)  -> (artifact id: '9af5c3b7b4e70faadf5fedbdf5569b74') in 0.017935 seconds
  Import took 0.022577 seconds .

========================================================================
Received Import Request.
  Time since last request: 0.002145 seconds.
  path: Assets/Script/BetterCardRotation.cs
  artifactKey: Guid(ec06a26ecedb46a48a0ab52229d1344f) Importer(815301076,1909f56bfc062723c751e8b465ee728b)
Start importing Assets/Script/BetterCardRotation.cs using Guid(ec06a26ecedb46a48a0ab52229d1344f) Importer(815301076,1909f56bfc062723c751e8b465ee728b)  -> (artifact id: '9af5c3b7b4e70faadf5fedbdf5569b74') in 0.003699 seconds
  Import took 0.009141 seconds .

========================================================================
Received Prepare
Registering precompiled user dll's ...
Registered in 0.000817 seconds.
Begin MonoManager ReloadAssembly
Native extension for WindowsStandalone target not found
Refreshing native plugins compatible for Editor in 0.42 ms, found 1 plugins.
Preloading 0 native plugins for Editor in 0.00 ms.
Invoked RoslynAnalysisRunner static constructor.
RoslynAnalysisRunner will not be running.
RoslynAnalysisRunner has terminated.
Mono: successfully reloaded assembly
- Completed reload, in  0.987 seconds
Platform modules already initialized, skipping
Refreshing native plugins compatible for Editor in 0.29 ms, found 1 plugins.
Preloading 0 native plugins for Editor in 0.00 ms.
Unloading 1797 Unused Serialized files (Serialized files now loaded: 0)
System memory in use before: 87.3 MB.
System memory in use after: 87.5 MB.

Unloading 7 unused Assets to reduce memory usage. Loaded Objects now: 2269.
Total: 1.797100 ms (FindLiveObjects: 0.145200 ms CreateObjectMapping: 0.051900 ms MarkObjects: 1.575600 ms  DeleteObjects: 0.023000 ms)

========================================================================
Received Import Request.
  Time since last request: 49.764364 seconds.
  path: Assets/Script/BetterCardRotation.cs
  artifactKey: Guid(ec06a26ecedb46a48a0ab52229d1344f) Importer(815301076,1909f56bfc062723c751e8b465ee728b)
Start importing Assets/Script/BetterCardRotation.cs using Guid(ec06a26ecedb46a48a0ab52229d1344f) Importer(815301076,1909f56bfc062723c751e8b465ee728b)  -> (artifact id: 'ccfcf9ef26c33c9755bdd921450c04e8') in 0.005288 seconds
  Import took 0.008452 seconds .

========================================================================
Received Prepare
Registering precompiled user dll's ...
Registered in 0.001021 seconds.
Begin MonoManager ReloadAssembly
Native extension for WindowsStandalone target not found
Refreshing native plugins compatible for Editor in 0.29 ms, found 1 plugins.
Preloading 0 native plugins for Editor in 0.00 ms.
Invoked RoslynAnalysisRunner static constructor.
RoslynAnalysisRunner will not be running.
RoslynAnalysisRunner has terminated.
Mono: successfully reloaded assembly
- Completed reload, in  1.065 seconds
Platform modules already initialized, skipping
Refreshing native plugins compatible for Editor in 0.81 ms, found 1 plugins.
Preloading 0 native plugins for Editor in 0.00 ms.
Unloading 1797 Unused Serialized files (Serialized files now loaded: 0)
System memory in use before: 87.4 MB.
System memory in use after: 87.5 MB.

Unloading 7 unused Assets to reduce memory usage. Loaded Objects now: 2273.
Total: 2.281000 ms (FindLiveObjects: 0.190900 ms CreateObjectMapping: 0.080400 ms MarkObjects: 1.981700 ms  DeleteObjects: 0.026100 ms)

========================================================================
Received Prepare
Registering precompiled user dll's ...
Registered in 0.000716 seconds.
Begin MonoManager ReloadAssembly
Native extension for WindowsStandalone target not found
Refreshing native plugins compatible for Editor in 1.38 ms, found 1 plugins.
Preloading 0 native plugins for Editor in 0.00 ms.
Invoked RoslynAnalysisRunner static constructor.
RoslynAnalysisRunner will not be running.
RoslynAnalysisRunner has terminated.
Mono: successfully reloaded assembly
- Completed reload, in  1.104 seconds
Platform modules already initialized, skipping
Refreshing native plugins compatible for Editor in 0.35 ms, found 1 plugins.
Preloading 0 native plugins for Editor in 0.00 ms.
Unloading 1797 Unused Serialized files (Serialized files now loaded: 0)
System memory in use before: 87.4 MB.
System memory in use after: 87.5 MB.

Unloading 7 unused Assets to reduce memory usage. Loaded Objects now: 2277.
Total: 2.313300 ms (FindLiveObjects: 0.307700 ms CreateObjectMapping: 0.064300 ms MarkObjects: 1.877800 ms  DeleteObjects: 0.047900 ms)

========================================================================
Received Prepare
Registering precompiled user dll's ...
Registered in 0.001049 seconds.
Begin MonoManager ReloadAssembly
Native extension for WindowsStandalone target not found
Refreshing native plugins compatible for Editor in 0.28 ms, found 1 plugins.
Preloading 0 native plugins for Editor in 0.00 ms.
Invoked RoslynAnalysisRunner static constructor.
RoslynAnalysisRunner will not be running.
RoslynAnalysisRunner has terminated.
Mono: successfully reloaded assembly
- Completed reload, in  1.094 seconds
Platform modules already initialized, skipping
Refreshing native plugins compatible for Editor in 0.50 ms, found 1 plugins.
Preloading 0 native plugins for Editor in 0.00 ms.
Unloading 1797 Unused Serialized files (Serialized files now loaded: 0)
System memory in use before: 87.4 MB.
System memory in use after: 87.5 MB.

Unloading 7 unused Assets to reduce memory usage. Loaded Objects now: 2281.
Total: 2.652600 ms (FindLiveObjects: 0.216100 ms CreateObjectMapping: 0.068600 ms MarkObjects: 2.283700 ms  DeleteObjects: 0.077000 ms)

========================================================================
Received Import Request.
  Time since last request: 762.816803 seconds.
  path: Assets/Script/Back.prefab
  artifactKey: Guid(a5e94b74874ea5f46a6a879b3ead5f43) Importer(815301076,1909f56bfc062723c751e8b465ee728b)
Start importing Assets/Script/Back.prefab using Guid(a5e94b74874ea5f46a6a879b3ead5f43) Importer(815301076,1909f56bfc062723c751e8b465ee728b)  -> (artifact id: '522450dd62e4db664edb6250f7064177') in 0.058733 seconds
  Import took 0.064395 seconds .

========================================================================
Received Import Request.
  Time since last request: 0.002730 seconds.
  path: Assets/Script/Back.prefab
  artifactKey: Guid(a5e94b74874ea5f46a6a879b3ead5f43) Importer(815301076,1909f56bfc062723c751e8b465ee728b)
Start importing Assets/Script/Back.prefab using Guid(a5e94b74874ea5f46a6a879b3ead5f43) Importer(815301076,1909f56bfc062723c751e8b465ee728b)  -> (artifact id: '522450dd62e4db664edb6250f7064177') in 0.004837 seconds
  Import took 0.009140 seconds .

========================================================================
Received Prepare
Registering precompiled user dll's ...
Registered in 0.000902 seconds.
Begin MonoManager ReloadAssembly
Native extension for WindowsStandalone target not found
Refreshing native plugins compatible for Editor in 0.40 ms, found 1 plugins.
Preloading 0 native plugins for Editor in 0.00 ms.
Invoked RoslynAnalysisRunner static constructor.
RoslynAnalysisRunner will not be running.
RoslynAnalysisRunner has terminated.
Mono: successfully reloaded assembly
- Completed reload, in  1.022 seconds
Platform modules already initialized, skipping
Refreshing native plugins compatible for Editor in 0.39 ms, found 1 plugins.
Preloading 0 native plugins for Editor in 0.00 ms.
Unloading 1797 Unused Serialized files (Serialized files now loaded: 0)
System memory in use before: 87.4 MB.
System memory in use after: 87.5 MB.

Unloading 7 unused Assets to reduce memory usage. Loaded Objects now: 2285.
Total: 2.896500 ms (FindLiveObjects: 0.321200 ms CreateObjectMapping: 0.113000 ms MarkObjects: 2.432200 ms  DeleteObjects: 0.028400 ms)

AssetImportWorkerClient::OnTransportError - code=2 error=End of file
